Mono path[0] = '/opt/yarg/YARG_Data/Managed'
Mono config path = '/opt/yarg/YARG_Data/MonoBleedingEdge/etc'
Preloaded 'discord_game_sdk.so'
Preloaded 'libRtMidi.so'
Preloaded 'libStandaloneFileBrowser.so'
Preloaded 'lib_burst_generated.so'
Preloaded 'libbass.so'
Preloaded 'libbass_fx.so'
Preloaded 'libbassmix.so'
Preloaded 'libbassopus.so'
Display 0 'eDP 16"': 1920x1200 (primary device).
Unable to load player prefs
Desktop is 1920 x 1200 @ 60 Hz
Initialize engine version: 2021.3.21f1 (1b156197d683)
[Subsystems] Discovering subsystems at path /opt/yarg/YARG_Data/UnitySubsystems
GfxDevice: creating device client; threaded=1; jobified=1
Renderer: AMD Radeon Graphics (renoir, LLVM 16.0.6, DRM 3.54, 6.5.3-x64v3-xanmod1)
Vendor:   AMD
Version:  4.6 (Core Profile) Mesa 23.1.7-arch1.1
GLES:     0
 GL_AMD_conservative_depth GL_AMD_depth_clamp_separate GL_AMD_draw_buffers_blend GL_AMD_framebuffer_multisample_advanced GL_AMD_gpu_shader_int64 GL_AMD_multi_draw_indirect GL_AMD_performance_monitor GL_AMD_pinned_memory GL_AMD_query_buffer_object GL_AMD_seamless_cubemap_per_texture GL_AMD_shader_stencil_export GL_AMD_shader_trinary_minmax GL_AMD_texture_texture4 GL_AMD_vertex_shader_layer GL_AMD_vertex_shader_viewport_index GL_ANGLE_texture_compression_dxt3 GL_ANGLE_texture_compression_dxt5 GL_ARB_ES2_compatibility GL_ARB_ES3_1_compatibility GL_ARB_ES3_2_compatibility GL_ARB_ES3_compatibility GL_ARB_arrays_of_arrays GL_ARB_base_instance GL_ARB_bindless_texture GL_ARB_blend_func_extended GL_ARB_buffer_storage GL_ARB_clear_buffer_object GL_ARB_clear_texture GL_ARB_clip_control GL_ARB_color_buffer_float GL_ARB_compressed_texture_pixel_storage GL_ARB_compute_shader GL_ARB_compute_variable_group_size GL_ARB_conditional_render_inverted GL_ARB_conservative_depth GL_ARB_copy_buffer GL_ARB_copy_image GL_ARB_cull_dist
ance GL_ARB_debug_output GL_ARB_depth_buffer_float GL_ARB_depth_clamp GL_ARB_derivative_control GL_ARB_direct_state_access GL_ARB_draw_buffers GL_ARB_draw_buffers_blend GL_ARB_draw_elements_base_vertex GL_ARB_draw_indirect GL_ARB_draw_instanced GL_ARB_enhanced_layouts GL_ARB_explicit_attrib_location GL_ARB_explicit_uniform_location GL_ARB_fragment_coord_conventions GL_ARB_fragment_layer_viewport GL_ARB_fragment_shader GL_ARB_framebuffer_no_attachments GL_ARB_framebuffer_object GL_ARB_framebuffer_sRGB GL_ARB_get_program_binary GL_ARB_get_texture_sub_image GL_ARB_gl_spirv GL_ARB_gpu_shader5 GL_ARB_gpu_shader_fp64 GL_ARB_gpu_shader_int64 GL_ARB_half_float_pixel GL_ARB_half_float_vertex GL_ARB_indirect_parameters GL_ARB_instanced_arrays GL_ARB_internalformat_query GL_ARB_internalformat_query2 GL_ARB_invalidate_subdata GL_ARB_map_buffer_alignment GL_ARB_map_buffer_range GL_ARB_multi_bind GL_ARB_multi_draw_indirect GL_ARB_occlusion_query2 GL_ARB_parallel_shader_compile GL_ARB_pipeline_statistics_query GL_ARB_pixel
_buffer_object GL_ARB_point_sprite GL_ARB_polygon_offset_clamp GL_ARB_program_interface_query GL_ARB_provoking_vertex GL_ARB_query_buffer_object GL_ARB_robust_buffer_access_behavior GL_ARB_robustness GL_ARB_sample_shading GL_ARB_sampler_objects GL_ARB_seamless_cube_map GL_ARB_seamless_cubemap_per_texture GL_ARB_separate_shader_objects GL_ARB_shader_atomic_counter_ops GL_ARB_shader_atomic_counters GL_ARB_shader_ballot GL_ARB_shader_bit_encoding GL_ARB_shader_clock GL_ARB_shader_draw_parameters GL_ARB_shader_group_vote GL_ARB_shader_image_load_store GL_ARB_shader_image_size GL_ARB_shader_objects GL_ARB_shader_precision GL_ARB_shader_stencil_export GL_ARB_shader_storage_buffer_object GL_ARB_shader_subroutine GL_ARB_shader_texture_image_samples GL_ARB_shader_texture_lod GL_ARB_shader_viewport_layer_array GL_ARB_shading_language_420pack GL_ARB_shading_language_include GL_ARB_shading_language_packing GL_ARB_sparse_buffer GL_ARB_sparse_texture GL_ARB_sparse_texture2 GL_ARB_sparse_texture_clamp GL_ARB_spirv_extensio
ns GL_ARB_stencil_texturing GL_ARB_sync GL_ARB_tessellation_shader GL_ARB_texture_barrier GL_ARB_texture_buffer_object GL_ARB_texture_buffer_object_rgb32 GL_ARB_texture_buffer_range GL_ARB_texture_compression_bptc GL_ARB_texture_compression_rgtc GL_ARB_texture_cube_map_array GL_ARB_texture_filter_anisotropic GL_ARB_texture_float GL_ARB_texture_gather GL_ARB_texture_mirror_clamp_to_edge GL_ARB_texture_multisample GL_ARB_texture_non_power_of_two GL_ARB_texture_query_levels GL_ARB_texture_query_lod GL_ARB_texture_rectangle GL_ARB_texture_rg GL_ARB_texture_rgb10_a2ui GL_ARB_texture_stencil8 GL_ARB_texture_storage GL_ARB_texture_storage_multisample GL_ARB_texture_swizzle GL_ARB_texture_view GL_ARB_timer_query GL_ARB_transform_feedback2 GL_ARB_transform_feedback3 GL_ARB_transform_feedback_instanced GL_ARB_transform_feedback_overflow_query GL_ARB_uniform_buffer_object GL_ARB_vertex_array_bgra GL_ARB_vertex_array_object GL_ARB_vertex_attrib_64bit GL_ARB_vertex_attrib_binding GL_ARB_vertex_buffer_object GL_ARB_vertex
_shader GL_ARB_vertex_type_10f_11f_11f_rev GL_ARB_vertex_type_2_10_10_10_rev GL_ARB_viewport_array GL_ATI_blend_equation_separate GL_ATI_meminfo GL_ATI_texture_float GL_ATI_texture_mirror_once GL_EXT_EGL_image_storage GL_EXT_EGL_sync GL_EXT_abgr GL_EXT_blend_equation_separate GL_EXT_debug_label GL_EXT_demote_to_helper_invocation GL_EXT_depth_bounds_test GL_EXT_draw_buffers2 GL_EXT_draw_instanced GL_EXT_framebuffer_blit GL_EXT_framebuffer_multisample GL_EXT_framebuffer_multisample_blit_scaled GL_EXT_framebuffer_object GL_EXT_framebuffer_sRGB GL_EXT_memory_object GL_EXT_memory_object_fd GL_EXT_packed_depth_stencil GL_EXT_packed_float GL_EXT_pixel_buffer_object GL_EXT_polygon_offset_clamp GL_EXT_provoking_vertex GL_EXT_semaphore GL_EXT_semaphore_fd GL_EXT_shader_image_load_formatted GL_EXT_shader_image_load_store GL_EXT_shader_integer_mix GL_EXT_shader_samples_identical GL_EXT_texture_array GL_EXT_texture_compression_dxt1 GL_EXT_texture_compression_rgtc GL_EXT_texture_compression_s3tc GL_EXT_texture_filter_anis
otropic GL_EXT_texture_integer GL_EXT_texture_mirror_clamp GL_EXT_texture_sRGB GL_EXT_texture_sRGB_R8 GL_EXT_texture_sRGB_decode GL_EXT_texture_shadow_lod GL_EXT_texture_shared_exponent GL_EXT_texture_snorm GL_EXT_texture_swizzle GL_EXT_timer_query GL_EXT_transform_feedback GL_EXT_vertex_array_bgra GL_EXT_vertex_attrib_64bit GL_EXT_window_rectangles GL_IBM_multimode_draw_arrays GL_INTEL_blackhole_render GL_KHR_blend_equation_advanced GL_KHR_context_flush_control GL_KHR_debug GL_KHR_no_error GL_KHR_parallel_shader_compile GL_KHR_robust_buffer_access_behavior GL_KHR_robustness GL_KHR_texture_compression_astc_ldr GL_KHR_texture_compression_astc_sliced_3d GL_MESA_framebuffer_flip_y GL_MESA_pack_invert GL_MESA_shader_integer_functions GL_MESA_texture_signed_rgba GL_NVX_gpu_memory_info GL_NV_alpha_to_coverage_dither_control GL_NV_compute_shader_derivatives GL_NV_conditional_render GL_NV_copy_image GL_NV_depth_clamp GL_NV_packed_depth_stencil GL_NV_shader_atomic_int64 GL_NV_texture_barrier GL_NV_vdpau_interop GL_OE
S_EGL_image GL_S3_s3tc
OPENGL LOG: Creating OpenGL 4.6 graphics device ; Context level  <OpenGL 4.5> ; Context handle 19311584
Begin MonoManager ReloadAssembly
- Completed reload, in  0.087 seconds
Default vsync count 0
requesting resize 1920 x 1200
Using native desktop resolution 1920 x 1200
requesting fullscreen 1920 x 1200 at 0 Hz
Desktop is 1920 x 1200 @ 60 Hz
Disable old input system
Desktop is 1920 x 1200 @ 60 Hz
Changing real window size to 3072 x 1920
UnloadTime: 2.010142 ms
YARG v0.11.1
Failed to find setlist path. Is it installed?
DirectoryNotFoundException: Could not find a part of the path "/home/ari/.local/share/YARC/Launcher/settings.json".
  at System.IO.FileStream..ctor (System.String path, System.IO.FileMode mode, System.IO.FileAccess access, System.IO.FileShare share, System.Int32 bufferSize, System.Boolean anonymous, System.IO.FileOptions options) [0x00164] in <a01111b1273a40cc8673b44832e8a221>:0 
  at System.IO.FileStream..ctor (System.String path, System.IO.FileMode mode, System.IO.FileAccess access, System.IO.FileShare share, System.Int32 bufferSize, System.IO.FileOptions options) [0x00000] in <a01111b1273a40cc8673b44832e8a221>:0 
  at (wrapper remoting-invoke-with-check) System.IO.FileStream..ctor(string,System.IO.FileMode,System.IO.FileAccess,System.IO.FileShare,int,System.IO.FileOptions)
  at System.IO.StreamReader..ctor (System.String path, System.Text.Encoding encoding, System.Boolean detectEncodingFromByteOrderMarks, System.Int32 bufferSize) [0x00055] in <a01111b1273a40cc8673b44832e8a221>:0 
  at System.IO.StreamReader..ctor (System.String path, System.Text.Encoding encoding, System.Boolean detectEncodingFromByteOrderMarks) [0x00000] in <a01111b1273a40cc8673b44832e8a221>:0 
  at (wrapper remoting-invoke-with-check) System.IO.StreamReader..ctor(string,System.Text.Encoding,bool)
  at System.IO.File.InternalReadAllText (System.String path, System.Text.Encoding encoding) [0x00000] in <a01111b1273a40cc8673b44832e8a221>:0 
  at System.IO.File.ReadAllText (System.String path) [0x0002c] in <a01111b1273a40cc8673b44832e8a221>:0 
  at YARG.Util.PathHelper.Init () [0x0008b] in <c334e7e908f4422db8ccacd6e6c31326>:0 
UnityEngine.DebugLogHandler:Internal_LogException(Exception, Object)
UnityEngine.DebugLogHandler:LogException(Exception, Object)
UnityEngine.Logger:LogException(Exception, Object)
UnityEngine.Debug:LogException(Exception)
YARG.Util.PathHelper:Init()
YARG.GameManager:Awake()

Initializing BASS...
Devices found: 13
Loading SFX
Loaded note_miss
Loaded starpower_award
Loaded starpower_gain
Loaded starpower_deploy
Loaded starpower_release
Loaded clap
Loaded star
Loaded star_gold
Finished loading SFX
BASS Successfully Initialized
BASS: 2.4.17.10
BASS.FX: 2.4.12.6
BASS.Mix: 2.4.12.0
Update Period: 5
Device Buffer Length: 10
Playback Buffer Length: 75
Current Device: Default
Checking for updates
Failed to get current song source version. Skipping.
FileNotFoundException: Could not find file "/opt/yarg/YARG_Data/StreamingAssets/sources/version.txt"
  at System.IO.FileStream..ctor (System.String path, System.IO.FileMode mode, System.IO.FileAccess access, System.IO.FileShare share, System.Int32 bufferSize, System.Boolean anonymous, System.IO.FileOptions options) [0x0019e] in <a01111b1273a40cc8673b44832e8a221>:0 
  at System.IO.FileStream..ctor (System.String path, System.IO.FileMode mode, System.IO.FileAccess access, System.IO.FileShare share, System.Int32 bufferSize, System.IO.FileOptions options) [0x00000] in <a01111b1273a40cc8673b44832e8a221>:0 
  at (wrapper remoting-invoke-with-check) System.IO.FileStream..ctor(string,System.IO.FileMode,System.IO.FileAccess,System.IO.FileShare,int,System.IO.FileOptions)
  at System.IO.File.AsyncStreamReader (System.String path, System.Text.Encoding encoding) [0x00000] in <a01111b1273a40cc8673b44832e8a221>:0 
  at System.IO.File.InternalReadAllTextAsync (System.String path, System.Text.Encoding encoding, System.Threading.CancellationToken cancellationToken) [0x00011] in <a01111b1273a40cc8673b44832e8a221>:0 
  at YARG.Song.SongSources.DownloadSources (System.Action`1[T] updateText) [0x000b2] in <c334e7e908f4422db8ccacd6e6c31326>:0 
UnityEngine.DebugLogHandler:Internal_LogException(Exception, Object)
UnityEngine.DebugLogHandler:LogException(Exception, Object)
UnityEngine.Logger:LogException(Exception, Object)
UnityEngine.Debug:LogException(Exception)
YARG.Song.<DownloadSources>d__13:MoveNext()
YARG.Song.SongSources:DownloadSources(Action`1)
YARG.Song.<LoadSources>d__12:MoveNext()
YARG.Song.SongSources:LoadSources(Action`1)
YARG.<<Start>b__8_0>d:MoveNext()
YARG.LoadingManager:<Start>b__8_0()
YARG.<StartLoad>d__9:MoveNext()
YARG.LoadingManager:StartLoad()
YARG.<Start>d__8:MoveNext()
YARG.LoadingManager:Start()

FileNotFoundException: Could not find file "/home/ari/.config/unity3d/YARC/YARG/settings.json"
  at System.IO.FileStream..ctor (System.String path, System.IO.FileMode mode, System.IO.FileAccess access, System.IO.FileShare share, System.Int32 bufferSize, System.Boolean anonymous, System.IO.FileOptions options) [0x0019e] in <a01111b1273a40cc8673b44832e8a221>:0 
  at System.IO.FileStream..ctor (System.String path, System.IO.FileMode mode, System.IO.FileAccess access, System.IO.FileShare share, System.Int32 bufferSize, System.IO.FileOptions options) [0x00000] in <a01111b1273a40cc8673b44832e8a221>:0 
  at (wrapper remoting-invoke-with-check) System.IO.FileStream..ctor(string,System.IO.FileMode,System.IO.FileAccess,System.IO.FileShare,int,System.IO.FileOptions)
  at System.IO.StreamReader..ctor (System.String path, System.Text.Encoding encoding, System.Boolean detectEncodingFromByteOrderMarks, System.Int32 bufferSize) [0x00055] in <a01111b1273a40cc8673b44832e8a221>:0 
  at System.IO.StreamReader..ctor (System.String path, System.Text.Encoding encoding, System.Boolean detectEncodingFromByteOrderMarks) [0x00000] in <a01111b1273a40cc8673b44832e8a221>:0 
  at (wrapper remoting-invoke-with-check) System.IO.StreamReader..ctor(string,System.Text.Encoding,bool)
  at System.IO.File.InternalReadAllText (System.String path, System.Text.Encoding encoding) [0x00000] in <a01111b1273a40cc8673b44832e8a221>:0 
  at System.IO.File.ReadAllText (System.String path) [0x0002c] in <a01111b1273a40cc8673b44832e8a221>:0 
  at YARG.Settings.SettingsManager.LoadSettings () [0x0000b] in <c334e7e908f4422db8ccacd6e6c31326>:0 
UnityEngine.DebugLogHandler:Internal_LogException(Exception, Object)
UnityEngine.DebugLogHandler:LogException(Exception, Object)
UnityEngine.Logger:LogException(Exception, Object)
UnityEngine.Debug:LogException(Exception)
YARG.Settings.SettingsManager:LoadSettings()
YARG.GameManager:Start()

Failed to start Discord presence client.
ResultException: InternalError
  at Discord.Discord..ctor (System.Int64 clientId, System.UInt64 flags) [0x00217] in <7b9255b557f044219a021734e2badf10>:0 
  at YARG.ThirdParty.DiscordController.Start () [0x00070] in <c334e7e908f4422db8ccacd6e6c31326>:0 
UnityEngine.DebugLogHandler:Internal_LogException(Exception, Object)
UnityEngine.DebugLogHandler:LogException(Exception, Object)
UnityEngine.Logger:LogException(Exception, Object)
UnityEngine.Debug:LogException(Exception)
YARG.ThirdParty.DiscordController:Start()

[HIDrogen] Error when opening HID device path '/dev/hidraw0': Failed to open a device with path '/dev/hidraw0': Permission denied (EACCES)
[HIDrogen] Error when opening HID device path '/dev/hidraw0': Failed to open a device with path '/dev/hidraw0': Permission denied (EACCES)
[HIDrogen] Error when opening HID device path '/dev/hidraw0': Failed to open a device with path '/dev/hidraw0': Permission denied (EACCES)
[HIDrogen] Error when opening HID device path '/dev/hidraw0': Failed to open a device with path '/dev/hidraw0': Permission denied (EACCES)
[HIDrogen] Error when opening HID device path '/dev/hidraw0': Failed to open a device with path '/dev/hidraw0': Permission denied (EACCES)
[HIDrogen] Error when opening HID device path '/dev/hidraw0': Failed to open a device with path '/dev/hidraw0': Permission denied (EACCES)
[HIDrogen] Error when opening HID device path '/dev/hidraw0': Failed to open a device with path '/dev/hidraw0': Permission denied (EACCES)
requesting resize 1920 x 1200
Using native desktop resolution 1920 x 1200
requesting fullscreen 1920 x 1200 at 60 Hz
Desktop is 1920 x 1200 @ 60 Hz
Failed to download newest song source version.
UnauthorizedAccessException: Access to the path "/opt/yarg/YARG_Data/StreamingAssets/sources/update.zip" is denied.
  at System.IO.FileStream..ctor (System.String path, System.IO.FileMode mode, System.IO.FileAccess access, System.IO.FileShare share, System.Int32 bufferSize, System.Boolean anonymous, System.IO.FileOptions options) [0x0019e] in <a01111b1273a40cc8673b44832e8a221>:0 
  at System.IO.FileStream..ctor (System.String path, System.IO.FileMode mode, System.IO.FileAccess access, System.IO.FileShare share, System.Int32 bufferSize, System.Boolean isAsync, System.Boolean anonymous) [0x00000] in <a01111b1273a40cc8673b44832e8a221>:0 
  at System.IO.FileStream..ctor (System.String path, System.IO.FileMode mode, System.IO.FileAccess access) [0x00000] in <a01111b1273a40cc8673b44832e8a221>:0 
  at (wrapper remoting-invoke-with-check) System.IO.FileStream..ctor(string,System.IO.FileMode,System.IO.FileAccess)
  at System.Net.WebClient.DownloadFile (System.Uri address, System.String fileName) [0x00022] in <a97013b7f2a14b5f80cdb58e465ddca4>:0 
Rethrow as WebException: An exception occurred during a WebClient request.
  at System.Net.WebClient.DownloadFile (System.Uri address, System.String fileName) [0x00096] in <a97013b7f2a14b5f80cdb58e465ddca4>:0 
  at System.Net.WebClient.DownloadFile (System.String address, System.String fileName) [0x00008] in <a97013b7f2a14b5f80cdb58e465ddca4>:0 
  at (wrapper remoting-invoke-with-check) System.Net.WebClient.DownloadFile(string,string)
  at YARG.Song.SongSources+<>c__DisplayClass13_0.<DownloadSources>b__0 () [0x00000] in <c334e7e908f4422db8ccacd6e6c31326>:0 
  at Cysharp.Threading.Tasks.UniTask.RunOnThreadPool (System.Action action, System.Boolean configureAwait, System.Threading.CancellationToken cancellationToken) [0x0009d] in <98b647df49534acfb7c786a316d608d3>:0 
  at Cysharp.Threading.Tasks.UniTask.RunOnThreadPool (System.Action action, System.Boolean configureAwait, System.Threading.CancellationToken cancellationToken) [0x0012f] in <98b647df49534acfb7c786a316d608d3>:0 
  at Cysharp.Threading.Tasks.CompilerServices.AsyncUniTask`1[TStateMachine].GetResult (System.Int16 token) [0x00000] in <98b647df49534acfb7c786a316d608d3>:0 
  at YARG.Song.SongSources.DownloadSources (System.Action`1[T] updateText) [0x00371] in <c334e7e908f4422db8ccacd6e6c31326>:0 
UnityEngine.DebugLogHandler:Internal_LogException(Exception, Object)
UnityEngine.DebugLogHandler:LogException(Exception, Object)
UnityEngine.Logger:LogException(Exception, Object)
UnityEngine.Debug:LogException(Exception)
YARG.Song.<DownloadSources>d__13:MoveNext()
Cysharp.Threading.Tasks.CompilerServices.AsyncUniTask`1:Run()
Cysharp.Threading.Tasks.AwaiterActions:Continuation(Object)
Cysharp.Threading.Tasks.UniTaskCompletionSourceCore`1:TrySetException(Exception)
Cysharp.Threading.Tasks.CompilerServices.AsyncUniTask`1:SetException(Exception)
Cysharp.Threading.Tasks.<RunOnThreadPool>d__78:MoveNext()
Cysharp.Threading.Tasks.CompilerServices.AsyncUniTask`1:Run()
Cysharp.Threading.Tasks.Internal.ContinuationQueue:RunCore()
Cysharp.Threading.Tasks.Internal.ContinuationQueue:Run()

Game is up to date.
Failed to read song source index.json for `extra`!
DirectoryNotFoundException: Could not find a part of the path "/opt/yarg/YARG_Data/StreamingAssets/sources/OpenSource-master/extra/index.json".
  at System.IO.FileStream..ctor (System.String path, System.IO.FileMode mode, System.IO.FileAccess access, System.IO.FileShare share, System.Int32 bufferSize, System.Boolean anonymous, System.IO.FileOptions options) [0x00164] in <a01111b1273a40cc8673b44832e8a221>:0 
  at System.IO.FileStream..ctor (System.String path, System.IO.FileMode mode, System.IO.FileAccess access, System.IO.FileShare share, System.Int32 bufferSize, System.IO.FileOptions options) [0x00000] in <a01111b1273a40cc8673b44832e8a221>:0 
  at (wrapper remoting-invoke-with-check) System.IO.FileStream..ctor(string,System.IO.FileMode,System.IO.FileAccess,System.IO.FileShare,int,System.IO.FileOptions)
  at System.IO.StreamReader..ctor (System.String path, System.Text.Encoding encoding, System.Boolean detectEncodingFromByteOrderMarks, System.Int32 bufferSize) [0x00055] in <a01111b1273a40cc8673b44832e8a221>:0 
  at System.IO.StreamReader..ctor (System.String path, System.Text.Encoding encoding, System.Boolean detectEncodingFromByteOrderMarks) [0x00000] in <a01111b1273a40cc8673b44832e8a221>:0 
  at (wrapper remoting-invoke-with-check) System.IO.StreamReader..ctor(string,System.Text.Encoding,bool)
  at System.IO.File.InternalReadAllText (System.String path, System.Text.Encoding encoding) [0x00000] in <a01111b1273a40cc8673b44832e8a221>:0 
  at System.IO.File.ReadAllText (System.String path) [0x0002c] in <a01111b1273a40cc8673b44832e8a221>:0 
  at YARG.Song.SongSources.ReadSources () [0x00026] in <c334e7e908f4422db8ccacd6e6c31326>:0 
UnityEngine.DebugLogHandler:Internal_LogException(Exception, Object)
UnityEngine.DebugLogHandler:LogException(Exception, Object)
UnityEngine.Logger:LogException(Exception, Object)
UnityEngine.Debug:LogException(Exception)
YARG.Song.SongSources:ReadSources()
Cysharp.Threading.Tasks.<RunOnThreadPool>d__78:MoveNext()
Cysharp.Threading.Tasks.CompilerServices.AsyncUniTask`1:Run()
Cysharp.Threading.Tasks.Awaiter:Callback(Object)
System.Threading.QueueUserWorkItemCallback:System.Threading.IThreadPoolWorkItem.ExecuteWorkItem()
System.Threading.ThreadPoolWorkQueue:Dispatch()
System.Threading._ThreadPoolWaitCallback:PerformWaitCallback()

No song folders added to SongScanner. Returning
No song folders added to SongScanner. Returning
Changing real window size to 1683 x 1886
Changing real window size to 3072 x 1920
Failed to load input binds from JSON. Ignoring.
Unloading BASS plugins
Setting up 6 worker threads for Enlighten.
NullReferenceException
  at (wrapper managed-to-native) UnityEngine.MonoBehaviour.IsObjectMonoBehaviour(UnityEngine.Object)
  at UnityEngine.MonoBehaviour.StartCoroutine (System.Collections.IEnumerator routine) [0x00014] in <6328b00c1acf464b8e65941bc42c4872>:0 
  at Cysharp.Threading.Tasks.UniTask+WaitForEndOfFramePromise.Create (UnityEngine.MonoBehaviour coroutineRunner, System.Threading.CancellationToken cancellationToken, System.Int16& token) [0x0002c] in <98b647df49534acfb7c786a316d608d3>:0 
  at Cysharp.Threading.Tasks.UniTask.WaitForEndOfFrame (UnityEngine.MonoBehaviour coroutineRunner, System.Threading.CancellationToken cancellationToken) [0x00000] in <98b647df49534acfb7c786a316d608d3>:0 
  at YARG.Input.Navigator.UpdateHelpBar () [0x00011] in <c334e7e908f4422db8ccacd6e6c31326>:0 
  at Cysharp.Threading.Tasks.UniTask+ExceptionResultSource.GetResult (System.Int16 token) [0x00015] in <98b647df49534acfb7c786a316d608d3>:0 
  at Cysharp.Threading.Tasks.UniTaskExtensions.Forget (Cysharp.Threading.Tasks.UniTask task) [0x00011] in <98b647df49534acfb7c786a316d608d3>:0 
UnityEngine.DebugLogHandler:Internal_LogException(Exception, Object)
UnityEngine.DebugLogHandler:LogException(Exception, Object)
UnityEngine.Logger:LogException(Exception, Object)
UnityEngine.Debug:LogException(Exception)
Cysharp.Threading.Tasks.UniTaskScheduler:PublishUnobservedTaskException(Exception)
Cysharp.Threading.Tasks.UniTaskExtensions:Forget(UniTask)
YARG.Input.Navigator:PopScheme()
YARG.UI.AddPlayer:OnDisable()

Memory Statistics:
[ALLOC_TEMP_TLS] TLS Allocator
  StackAllocators : 
    [ALLOC_TEMP_MAIN]
      Peak usage frame count: [1.0 KB-2.0 KB]: 1 frames, [2.0 KB-4.0 KB]: 2359 frames, [8.0 KB-16.0 KB]: 2 frames, [16.0 KB-32.0 KB]: 2 frames, [256.0 KB-0.5 MB]: 1 frames, [2.0 MB-4.0 MB]: 1 frames
      Initial Block Size 4.0 MB
      Current Block Size 4.0 MB
      Peak Allocated Bytes 2.4 MB
      Overflow Count 0
    [ALLOC_TEMP_Loading.AsyncRead]
      Initial Block Size 64.0 KB
      Current Block Size 64.0 KB
      Peak Allocated Bytes 256 B
      Overflow Count 0
    [ALLOC_TEMP_Loading.PreloadManager]
      Initial Block Size 256.0 KB
      Current Block Size 256.0 KB
      Peak Allocated Bytes 189.6 KB
      Overflow Count 8
    [ALLOC_TEMP_Background Job.Worker 8]
      Initial Block Size 32.0 KB
      Current Block Size 32.0 KB
      Peak Allocated Bytes 0 B
      Overflow Count 0
    [ALLOC_TEMP_Job.Worker 6]
      Initial Block Size 256.0 KB
      Current Block Size 256.0 KB
      Peak Allocated Bytes 56.8 KB
      Overflow Count 0
    [ALLOC_TEMP_Job.Worker 0]
      Initial Block Size 256.0 KB
      Current Block Size 256.0 KB
      Peak Allocated Bytes 56.8 KB
      Overflow Count 0
    [ALLOC_TEMP_Background Job.Worker 10]
      Initial Block Size 32.0 KB
      Current Block Size 32.0 KB
      Peak Allocated Bytes 0 B
      Overflow Count 0
    [ALLOC_TEMP_Background Job.Worker 9]
      Initial Block Size 32.0 KB
      Current Block Size 32.0 KB
      Peak Allocated Bytes 0 B
      Overflow Count 0
    [ALLOC_TEMP_Job.Worker 5]
      Initial Block Size 256.0 KB
      Current Block Size 256.0 KB
      Peak Allocated Bytes 56.2 KB
      Overflow Count 0
    [ALLOC_TEMP_Background Job.Worker 14]
      Initial Block Size 32.0 KB
      Current Block Size 32.0 KB
      Peak Allocated Bytes 0 B
      Overflow Count 0
    [ALLOC_TEMP_Background Job.Worker 6]
      Initial Block Size 32.0 KB
      Current Block Size 32.0 KB
      Peak Allocated Bytes 0 B
      Overflow Count 0
    [ALLOC_TEMP_Job.Worker 4]
      Initial Block Size 256.0 KB
      Current Block Size 256.0 KB
      Peak Allocated Bytes 55.8 KB
      Overflow Count 0
    [ALLOC_TEMP_Job.Worker 3]
      Initial Block Size 256.0 KB
      Current Block Size 256.0 KB
      Peak Allocated Bytes 56.8 KB
      Overflow Count 0
    [ALLOC_TEMP_Background Job.Worker 12]
      Initial Block Size 32.0 KB
      Current Block Size 32.0 KB
      Peak Allocated Bytes 0 B
      Overflow Count 0
    [ALLOC_TEMP_EnlightenWorker] x 6
      Initial Block Size 64.0 KB
      Current Block Size 64.0 KB
      Peak Allocated Bytes 0 B
      Overflow Count 0
    [ALLOC_TEMP_Background Job.Worker 15]
      Initial Block Size 32.0 KB
      Current Block Size 32.0 KB
      Peak Allocated Bytes 0 B
      Overflow Count 0
    [ALLOC_TEMP_Background Job.Worker 1]
      Initial Block Size 32.0 KB
      Current Block Size 36.0 KB
      Peak Allocated Bytes 32.0 KB
      Overflow Count 0
    [ALLOC_TEMP_Background Job.Worker 2]
      Initial Block Size 32.0 KB
      Current Block Size 32.0 KB
      Peak Allocated Bytes 0 B
      Overflow Count 0
    [ALLOC_TEMP_Background Job.Worker 7]
      Initial Block Size 32.0 KB
      Current Block Size 32.0 KB
      Peak Allocated Bytes 0 B
      Overflow Count 0
    [ALLOC_TEMP_UnityGfxDeviceWorker]
      Initial Block Size 256.0 KB
      Current Block Size 256.0 KB
      Peak Allocated Bytes 160.1 KB
      Overflow Count 0
    [ALLOC_TEMP_AssetGarbageCollectorHelper] x 11
      Initial Block Size 64.0 KB
      Current Block Size 64.0 KB
      Peak Allocated Bytes 0 B
      Overflow Count 0
    [ALLOC_TEMP_Background Job.Worker 5]
      Initial Block Size 32.0 KB
      Current Block Size 32.0 KB
      Peak Allocated Bytes 0 B
      Overflow Count 0
    [ALLOC_TEMP_Job.Worker 9]
      Initial Block Size 256.0 KB
      Current Block Size 256.0 KB
      Peak Allocated Bytes 56.8 KB
      Overflow Count 0
    [ALLOC_TEMP_Background Job.Worker 13]
      Initial Block Size 32.0 KB
      Current Block Size 32.0 KB
      Peak Allocated Bytes 0 B
      Overflow Count 0
    [ALLOC_TEMP_Job.Worker 8]
      Initial Block Size 256.0 KB
      Current Block Size 256.0 KB
      Peak Allocated Bytes 56.8 KB
      Overflow Count 0
    [ALLOC_TEMP_Job.Worker 7]
      Initial Block Size 256.0 KB
      Current Block Size 256.0 KB
      Peak Allocated Bytes 55.8 KB
      Overflow Count 0
    [ALLOC_TEMP_Job.Worker 1]
      Initial Block Size 256.0 KB
      Current Block Size 256.0 KB
      Peak Allocated Bytes 56.8 KB
      Overflow Count 0
    [ALLOC_TEMP_Job.Worker 2]
      Initial Block Size 256.0 KB
      Current Block Size 256.0 KB
      Peak Allocated Bytes 55.8 KB
      Overflow Count 0
    [ALLOC_TEMP_Background Job.Worker 3]
      Initial Block Size 32.0 KB
      Current Block Size 32.0 KB
      Peak Allocated Bytes 0 B
      Overflow Count 0
    [ALLOC_TEMP_Background Job.Worker 11]
      Initial Block Size 32.0 KB
      Current Block Size 32.0 KB
      Peak Allocated Bytes 0 B
      Overflow Count 0
    [ALLOC_TEMP_Job.Worker 10]
      Initial Block Size 256.0 KB
      Current Block Size 256.0 KB
      Peak Allocated Bytes 56.1 KB
      Overflow Count 0
    [ALLOC_TEMP_Background Job.Worker 0]
      Initial Block Size 32.0 KB
      Current Block Size 36.0 KB
      Peak Allocated Bytes 32.0 KB
      Overflow Count 0
    [ALLOC_TEMP_Background Job.Worker 4]
      Initial Block Size 32.0 KB
      Current Block Size 32.0 KB
      Peak Allocated Bytes 0 B
      Overflow Count 0
    [ALLOC_TEMP_BatchDeleteObjects]
      Initial Block Size 64.0 KB
      Current Block Size 64.0 KB
      Peak Allocated Bytes 0 B
      Overflow Count 0
[ALLOC_DEFAULT] Dual Thread Allocator
  Peak main deferred allocation count 366
    [ALLOC_BUCKET]
      Large Block size 4.0 MB
      Used Block count 1
      Peak Allocated bytes 3.3 MB
    [ALLOC_DEFAULT_MAIN]
      Peak usage frame count: [8.0 MB-16.0 MB]: 2366 frames
      Requested Block Size 16.0 MB
      Peak Block count 1
      Peak Allocated memory 13.2 MB
      Peak Large allocation bytes 0 B
    [ALLOC_DEFAULT_THREAD]
      Peak usage frame count: [16.0 MB-32.0 MB]: 866 frames, [32.0 MB-64.0 MB]: 1500 frames
      Requested Block Size 16.0 MB
      Peak Block count 2
      Peak Allocated memory 33.5 MB
      Peak Large allocation bytes 16.0 MB
[ALLOC_TEMP_JOB_1_FRAME]
  Initial Block Size 2.0 MB
  Used Block Count 1
  Overflow Count (too large) 0
  Overflow Count (full) 0
[ALLOC_TEMP_JOB_2_FRAMES]
  Initial Block Size 2.0 MB
  Used Block Count 1
  Overflow Count (too large) 0
  Overflow Count (full) 0
[ALLOC_TEMP_JOB_4_FRAMES (JobTemp)]
  Initial Block Size 2.0 MB
  Used Block Count 2
  Overflow Count (too large) 0
  Overflow Count (full) 0
[ALLOC_TEMP_JOB_ASYNC (Background)]
  Initial Block Size 1.0 MB
  Used Block Count 3
  Overflow Count (too large) 0
  Overflow Count (full) 0
[ALLOC_GFX] Dual Thread Allocator
  Peak main deferred allocation count 2
    [ALLOC_BUCKET]
      Large Block size 4.0 MB
      Used Block count 1
      Peak Allocated bytes 3.3 MB
    [ALLOC_GFX_MAIN]
      Peak usage frame count: [64.0 KB-128.0 KB]: 940 frames, [128.0 KB-256.0 KB]: 367 frames, [256.0 KB-0.5 MB]: 1058 frames, [2.0 MB-4.0 MB]: 1 frames
      Requested Block Size 16.0 MB
      Peak Block count 1
      Peak Allocated memory 2.7 MB
      Peak Large allocation bytes 0 B
    [ALLOC_GFX_THREAD]
      Peak usage frame count: [2.0 MB-4.0 MB]: 2366 frames
      Requested Block Size 16.0 MB
      Peak Block count 1
      Peak Allocated memory 2.8 MB
      Peak Large allocation bytes 0 B
[ALLOC_CACHEOBJECTS] Dual Thread Allocator
  Peak main deferred allocation count 2
    [ALLOC_BUCKET]
      Large Block size 4.0 MB
      Used Block count 1
      Peak Allocated bytes 3.3 MB
    [ALLOC_CACHEOBJECTS_MAIN]
      Peak usage frame count: [8.0 MB-16.0 MB]: 2365 frames, [16.0 MB-32.0 MB]: 1 frames
      Requested Block Size 4.0 MB
      Peak Block count 4
      Peak Allocated memory 16.1 MB
      Peak Large allocation bytes 5.2 MB
    [ALLOC_CACHEOBJECTS_THREAD]
      Peak usage frame count: [4.0 MB-8.0 MB]: 2366 frames
      Requested Block Size 4.0 MB
      Peak Block count 2
      Peak Allocated memory 7.4 MB
      Peak Large allocation bytes 0 B
[ALLOC_TYPETREE] Dual Thread Allocator
  Peak main deferred allocation count 0
    [ALLOC_BUCKET]
      Large Block size 4.0 MB
      Used Block count 1
      Peak Allocated bytes 3.3 MB
    [ALLOC_TYPETREE_MAIN]
      Peak usage frame count: [8.0 KB-16.0 KB]: 2366 frames
      Requested Block Size 2.0 MB
      Peak Block count 1
      Peak Allocated memory 9.1 KB
      Peak Large allocation bytes 0 B
    [ALLOC_TYPETREE_THREAD]
      Peak usage frame count: [256.0 KB-0.5 MB]: 2366 frames
      Requested Block Size 2.0 MB
      Peak Block count 1
      Peak Allocated memory 484.2 KB
      Peak Large allocation bytes 0 B
